<?xml version="1.0" encoding="UTF-8"?>
<!-- Generated by org.testng.reporters.JUnitReportReporter -->
<testsuite hostname="C274LBLR" failures="0" tests="2" name="com.TestRunner.TestRunner" time="11.258" errors="0" timestamp="2021-08-16T14:44:44 IST" skipped="0">
  <testcase classname="com.TestRunner.TestRunner" name="runScenario" time="3.918"/>
  <system-out/>
  <testcase classname="com.TestRunner.TestRunner" name="runScenario" time="7.340"/>
  <system-out/>
</testsuite> <!-- com.TestRunner.TestRunner -->
