<?xml version="1.0" encoding="UTF-8"?>
<!-- Generated by org.testng.reporters.JUnitReportReporter -->
<testsuite hostname="C274LBLR" failures="0" tests="2" name="com.TestRunner.Runner" time="11.042" errors="0" timestamp="2021-08-16T17:38:24 IST" skipped="0">
  <testcase classname="com.TestRunner.Runner" name="runScenario" time="3.697"/>
  <system-out/>
  <testcase classname="com.TestRunner.Runner" name="runScenario" time="7.345"/>
  <system-out/>
</testsuite> <!-- com.TestRunner.Runner -->
